find_header: checking for prism.h in /Users/faezehzand/scheduled_tweets/''/gems/prism-1.6.0/include... -------------------- no

DYLD_LIBRARY_PATH=.:/opt/homebrew/Cellar/ruby@3.2/3.2.9_1/lib "clang -o conftest -I/opt/homebrew/Cellar/ruby@3.2/3.2.9_1/include/ruby-3.2.0/arm64-darwin23 -I/opt/homebrew/Cellar/ruby@3.2/3.2.9_1/include/ruby-3.2.0/ruby/backward -I/opt/homebrew/Cellar/ruby@3.2/3.2.9_1/include/ruby-3.2.0 -I. -I/opt/homebrew/opt/libyaml/include -I/opt/homebrew/opt/openssl@3/include -I/opt/homebrew/opt/readline/include -D_XOPEN_SOURCE -D_DARWIN_C_SOURCE -D_DARWIN_UNLIMITED_SELECT -D_REENTRANT   -fdeclspec -O3 -fno-fast-math -ggdb3 -Wall -Wextra -Wextra-tokens -Wdeprecated-declarations -Wdivision-by-zero -Wdiv-by-zero -Wimplicit-function-declaration -Wimplicit-int -Wmisleading-indentation -Wpointer-arith -Wshorten-64-to-32 -Wwrite-strings -Wold-style-definition -Wmissing-noreturn -Wno-cast-function-type -Wno-constant-logical-operand -Wno-long-long -Wno-missing-field-initializers -Wno-overlength-strings -Wno-parentheses-equality -Wno-self-assign -Wno-tautological-compare -Wno-unused-parameter -Wno-unused-value -Wunused-variable -Wundef  -fno-common -pipe conftest.c  -L. -L/opt/homebrew/Cellar/ruby@3.2/3.2.9_1/lib -L/opt/homebrew/opt/libyaml/lib -L/opt/homebrew/opt/openssl@3/lib -L/opt/homebrew/opt/readline/lib -L. -fstack-protector-strong -L/opt/homebrew/opt/libyaml/lib -L/opt/homebrew/opt/openssl@3/lib -L/opt/homebrew/opt/readline/lib     -lruby.3.2  -lpthread  "
checked program was:
/* begin */
1: #include "ruby.h"
2: 
3: int main(int argc, char **argv)
4: {
5:   return !!argv[argc];
6: }
/* end */

DYLD_LIBRARY_PATH=.:/opt/homebrew/Cellar/ruby@3.2/3.2.9_1/lib "clang -I/opt/homebrew/Cellar/ruby@3.2/3.2.9_1/include/ruby-3.2.0/arm64-darwin23 -I/opt/homebrew/Cellar/ruby@3.2/3.2.9_1/include/ruby-3.2.0/ruby/backward -I/opt/homebrew/Cellar/ruby@3.2/3.2.9_1/include/ruby-3.2.0 -I. -I/opt/homebrew/opt/libyaml/include -I/opt/homebrew/opt/openssl@3/include -I/opt/homebrew/opt/readline/include -D_XOPEN_SOURCE -D_DARWIN_C_SOURCE -D_DARWIN_UNLIMITED_SELECT -D_REENTRANT   -fdeclspec -O3 -fno-fast-math -ggdb3 -Wall -Wextra -Wextra-tokens -Wdeprecated-declarations -Wdivision-by-zero -Wdiv-by-zero -Wimplicit-function-declaration -Wimplicit-int -Wmisleading-indentation -Wpointer-arith -Wshorten-64-to-32 -Wwrite-strings -Wold-style-definition -Wmissing-noreturn -Wno-cast-function-type -Wno-constant-logical-operand -Wno-long-long -Wno-missing-field-initializers -Wno-overlength-strings -Wno-parentheses-equality -Wno-self-assign -Wno-tautological-compare -Wno-unused-parameter -Wno-unused-value -Wunused-variable -Wundef  -fno-common -pipe   -c conftest.c"
conftest.c:3:10: fatal error: 'prism.h' file not found
#include <prism.h>
         ^~~~~~~~~
1 error generated.
checked program was:
/* begin */
1: #include "ruby.h"
2: 
3: #include <prism.h>
/* end */

DYLD_LIBRARY_PATH=.:/opt/homebrew/Cellar/ruby@3.2/3.2.9_1/lib "clang -I/opt/homebrew/Cellar/ruby@3.2/3.2.9_1/include/ruby-3.2.0/arm64-darwin23 -I/opt/homebrew/Cellar/ruby@3.2/3.2.9_1/include/ruby-3.2.0/ruby/backward -I/opt/homebrew/Cellar/ruby@3.2/3.2.9_1/include/ruby-3.2.0 -I. -I/opt/homebrew/opt/libyaml/include -I/opt/homebrew/opt/openssl@3/include -I/opt/homebrew/opt/readline/include -D_XOPEN_SOURCE -D_DARWIN_C_SOURCE -D_DARWIN_UNLIMITED_SELECT -D_REENTRANT   -fdeclspec -O3 -fno-fast-math -ggdb3 -Wall -Wextra -Wextra-tokens -Wdeprecated-declarations -Wdivision-by-zero -Wdiv-by-zero -Wimplicit-function-declaration -Wimplicit-int -Wmisleading-indentation -Wpointer-arith -Wshorten-64-to-32 -Wwrite-strings -Wold-style-definition -Wmissing-noreturn -Wno-cast-function-type -Wno-constant-logical-operand -Wno-long-long -Wno-missing-field-initializers -Wno-overlength-strings -Wno-parentheses-equality -Wno-self-assign -Wno-tautological-compare -Wno-unused-parameter -Wno-unused-value -Wunused-variable -Wundef  -fno-common -pipe  -I/Users/faezehzand/scheduled_tweets/''/gems/prism-1.6.0/include -c conftest.c"
conftest.c:3:10: fatal error: 'prism.h' file not found
#include <prism.h>
         ^~~~~~~~~
1 error generated.
checked program was:
/* begin */
1: #include "ruby.h"
2: 
3: #include <prism.h>
/* end */

--------------------

